Bad SQL encountered in file /home/devncom/public_html/clientes/net/ia/admin/upload.php, line #353. SQL:
INSERT INTO `aiml` (`id`, `bot_id`, `pattern`, `thatpattern`, `template`, `topic`, `filename`) VALUES
    (NULL, 1, '*Nﾃグ*', 'Oi, meu nome ﾃｩ Tatiane, sou venddora da NET. Tudo bem?', '"Queria te dizer que a NET estﾃ｡ com uma promoﾃｧﾃ｣o especial atﾃｩ dia 20/01/2019. 

Internet de 120 megas 泅 para vocﾃｪ navegar ﾃ jato por apenas R$ 99,90 no debito em conta. 
Este valor fica fixo por 12 meses 沽沽 

汳･Internet WI-FI em casa, e na rua usando os hotspots da NET e da Claro instalados em postes em todo o Brasil, assim vocﾃｪ ainda economiza em seu pacote de dados. 

Nessa promoﾃｧﾃ｣o eu tambﾃｩm consigo pra vocﾃｪ isenﾃｧﾃ｣o da taxa de instalaﾃｧﾃ｣o...

Posso te passar mais informaﾃｧﾃｵes sobre disponibilidade e contrataﾃｧﾃ｣o?"', '', 'admin_added.aiml');
PDO Error:
Array
(
    [0] => 00000
    [1] => 
    [2] => 
)

PDOStatement Error:
Array
(
    [0] => HY000
    [1] => 1366
    [2] => Incorrect string value: '\xF0\x9F\x9A\x80 p...' for column 'template' at row 1
)

Exception Message:
SQLSTATE[HY000]: General error: 1366 Incorrect string value: '\xF0\x9F\x9A\x80 p...' for column 'template' at row 1;
Parameters:
Array
(
    [:bot_id] => 1
    [:pattern] => *Nﾃグ*
    [:that] => SimpleXMLElement Object
        (
            [0] => Oi, meu nome ﾃｩ Tatiane, sou venddora da NET. Tudo bem?
        )

    [:template] => "Queria te dizer que a NET estﾃ｡ com uma promoﾃｧﾃ｣o especial atﾃｩ dia 20/01/2019. 

Internet de 120 megas 泅 para vocﾃｪ navegar ﾃ jato por apenas R$ 99,90 no debito em conta. 
Este valor fica fixo por 12 meses 沽沽 

汳･Internet WI-FI em casa, e na rua usando os hotspots da NET e da Claro instalados em postes em todo o Brasil, assim vocﾃｪ ainda economiza em seu pacote de dados. 

Nessa promoﾃｧﾃ｣o eu tambﾃｩm consigo pra vocﾃｪ isenﾃｧﾃ｣o da taxa de instalaﾃｧﾃ｣o...

Posso te passar mais informaﾃｧﾃｵes sobre disponibilidade e contrataﾃｧﾃ｣o?"
    [:topic] => 
    [:fileName] => admin_added.aiml
)
Bad SQL encountered in file /home/devncom/public_html/clientes/net/ia/admin/upload.php, line #353. SQL:
INSERT INTO `aiml` (`id`, `bot_id`, `pattern`, `thatpattern`, `template`, `topic`, `filename`) VALUES
    (NULL, 1, '*Nﾃグ*', 'Oi, meu nome ﾃｩ Tatiane, sou venddora da NET. Tudo bem?', '"Queria te dizer que a NET estﾃ｡ com uma promoﾃｧﾃ｣o especial atﾃｩ dia 20/01/2019. 

Internet de 120 megas 泅 para vocﾃｪ navegar ﾃ jato por apenas R$ 99,90 no debito em conta. 
Este valor fica fixo por 12 meses 沽沽 

汳･Internet WI-FI em casa, e na rua usando os hotspots da NET e da Claro instalados em postes em todo o Brasil, assim vocﾃｪ ainda economiza em seu pacote de dados. 

Nessa promoﾃｧﾃ｣o eu tambﾃｩm consigo pra vocﾃｪ isenﾃｧﾃ｣o da taxa de instalaﾃｧﾃ｣o...

Posso te passar mais informaﾃｧﾃｵes sobre disponibilidade e contrataﾃｧﾃ｣o?"', '', 'admin_added.aiml');
PDO Error:
Array
(
    [0] => 00000
    [1] => 
    [2] => 
)

PDOStatement Error:
Array
(
    [0] => HY000
    [1] => 1366
    [2] => Incorrect string value: '\xF0\x9F\x9A\x80 p...' for column 'template' at row 1
)

Exception Message:
SQLSTATE[HY000]: General error: 1366 Incorrect string value: '\xF0\x9F\x9A\x80 p...' for column 'template' at row 1;
Parameters:
Array
(
    [:bot_id] => 1
    [:pattern] => *Nﾃグ*
    [:that] => SimpleXMLElement Object
        (
            [0] => Oi, meu nome ﾃｩ Tatiane, sou venddora da NET. Tudo bem?
        )

    [:template] => "Queria te dizer que a NET estﾃ｡ com uma promoﾃｧﾃ｣o especial atﾃｩ dia 20/01/2019. 

Internet de 120 megas 泅 para vocﾃｪ navegar ﾃ jato por apenas R$ 99,90 no debito em conta. 
Este valor fica fixo por 12 meses 沽沽 

汳･Internet WI-FI em casa, e na rua usando os hotspots da NET e da Claro instalados em postes em todo o Brasil, assim vocﾃｪ ainda economiza em seu pacote de dados. 

Nessa promoﾃｧﾃ｣o eu tambﾃｩm consigo pra vocﾃｪ isenﾃｧﾃ｣o da taxa de instalaﾃｧﾃ｣o...

Posso te passar mais informaﾃｧﾃｵes sobre disponibilidade e contrataﾃｧﾃ｣o?"
    [:topic] => 
    [:fileName] => admin_added.aiml
)
Bad SQL encountered in file /home/devncom/public_html/clientes/net/ia/admin/upload.php, line #353. SQL:
INSERT INTO `aiml` (`id`, `bot_id`, `pattern`, `thatpattern`, `template`, `topic`, `filename`) VALUES
    (NULL, 1, '*Nﾃグ*', 'Oi, meu nome ﾃｩ Tatiane, sou venddora da NET. Tudo bem?', '"Queria te dizer que a NET estﾃ｡ com uma promoﾃｧﾃ｣o especial atﾃｩ dia 20/01/2019. 

Internet de 120 megas 泅 para vocﾃｪ navegar ﾃ jato por apenas R$ 99,90 no debito em conta. 
Este valor fica fixo por 12 meses 沽沽 

汳･Internet WI-FI em casa, e na rua usando os hotspots da NET e da Claro instalados em postes em todo o Brasil, assim vocﾃｪ ainda economiza em seu pacote de dados. 

Nessa promoﾃｧﾃ｣o eu tambﾃｩm consigo pra vocﾃｪ isenﾃｧﾃ｣o da taxa de instalaﾃｧﾃ｣o...

Posso te passar mais informaﾃｧﾃｵes sobre disponibilidade e contrataﾃｧﾃ｣o?"', '', 'admin_added.aiml');
PDO Error:
Array
(
    [0] => 00000
    [1] => 
    [2] => 
)

PDOStatement Error:
Array
(
    [0] => HY000
    [1] => 1366
    [2] => Incorrect string value: '\xF0\x9F\x9A\x80 p...' for column 'template' at row 1
)

Exception Message:
SQLSTATE[HY000]: General error: 1366 Incorrect string value: '\xF0\x9F\x9A\x80 p...' for column 'template' at row 1;
Parameters:
Array
(
    [:bot_id] => 1
    [:pattern] => *Nﾃグ*
    [:that] => SimpleXMLElement Object
        (
            [0] => Oi, meu nome ﾃｩ Tatiane, sou venddora da NET. Tudo bem?
        )

    [:template] => "Queria te dizer que a NET estﾃ｡ com uma promoﾃｧﾃ｣o especial atﾃｩ dia 20/01/2019. 

Internet de 120 megas 泅 para vocﾃｪ navegar ﾃ jato por apenas R$ 99,90 no debito em conta. 
Este valor fica fixo por 12 meses 沽沽 

汳･Internet WI-FI em casa, e na rua usando os hotspots da NET e da Claro instalados em postes em todo o Brasil, assim vocﾃｪ ainda economiza em seu pacote de dados. 

Nessa promoﾃｧﾃ｣o eu tambﾃｩm consigo pra vocﾃｪ isenﾃｧﾃ｣o da taxa de instalaﾃｧﾃ｣o...

Posso te passar mais informaﾃｧﾃｵes sobre disponibilidade e contrataﾃｧﾃ｣o?"
    [:topic] => 
    [:fileName] => admin_added.aiml
)
Bad SQL encountered in file /home/devncom/public_html/clientes/net/ia/admin/upload.php, line #353. SQL:
INSERT INTO `aiml` (`id`, `bot_id`, `pattern`, `thatpattern`, `template`, `topic`, `filename`) VALUES
    (NULL, 1, '*Nﾃグ*', 'Oi, meu nome ﾃｩ Tatiane, sou venddora da NET. Tudo bem?', '"Queria te dizer que a NET estﾃ｡ com uma promoﾃｧﾃ｣o especial atﾃｩ dia 20/01/2019. 

Internet de 120 megas 泅 para vocﾃｪ navegar ﾃ jato por apenas R$ 99,90 no debito em conta. 
Este valor fica fixo por 12 meses 沽沽 

汳･Internet WI-FI em casa, e na rua usando os hotspots da NET e da Claro instalados em postes em todo o Brasil, assim vocﾃｪ ainda economiza em seu pacote de dados. 

Nessa promoﾃｧﾃ｣o eu tambﾃｩm consigo pra vocﾃｪ isenﾃｧﾃ｣o da taxa de instalaﾃｧﾃ｣o...

Posso te passar mais informaﾃｧﾃｵes sobre disponibilidade e contrataﾃｧﾃ｣o?"', '', 'admin_added.aiml');
PDO Error:
Array
(
    [0] => 00000
    [1] => 
    [2] => 
)

PDOStatement Error:
Array
(
    [0] => HY000
    [1] => 1366
    [2] => Incorrect string value: '\xF0\x9F\x9A\x80 p...' for column 'template' at row 1
)

Exception Message:
SQLSTATE[HY000]: General error: 1366 Incorrect string value: '\xF0\x9F\x9A\x80 p...' for column 'template' at row 1;
Parameters:
Array
(
    [:bot_id] => 1
    [:pattern] => *Nﾃグ*
    [:that] => SimpleXMLElement Object
        (
            [0] => Oi, meu nome ﾃｩ Tatiane, sou venddora da NET. Tudo bem?
        )

    [:template] => "Queria te dizer que a NET estﾃ｡ com uma promoﾃｧﾃ｣o especial atﾃｩ dia 20/01/2019. 

Internet de 120 megas 泅 para vocﾃｪ navegar ﾃ jato por apenas R$ 99,90 no debito em conta. 
Este valor fica fixo por 12 meses 沽沽 

汳･Internet WI-FI em casa, e na rua usando os hotspots da NET e da Claro instalados em postes em todo o Brasil, assim vocﾃｪ ainda economiza em seu pacote de dados. 

Nessa promoﾃｧﾃ｣o eu tambﾃｩm consigo pra vocﾃｪ isenﾃｧﾃ｣o da taxa de instalaﾃｧﾃ｣o...

Posso te passar mais informaﾃｧﾃｵes sobre disponibilidade e contrataﾃｧﾃ｣o?"
    [:topic] => 
    [:fileName] => admin_added.aiml
)
Bad SQL encountered in file /home/devncom/public_html/clientes/net/ia/admin/upload.php, line #353. SQL:
INSERT INTO `aiml` (`id`, `bot_id`, `pattern`, `thatpattern`, `template`, `topic`, `filename`) VALUES
    (NULL, 1, '*Nﾃグ*', 'Oi, meu nome ﾃｩ Tatiane, sou venddora da NET. Tudo bem?', '"Queria te dizer que a NET estﾃ｡ com uma promoﾃｧﾃ｣o especial atﾃｩ dia 20/01/2019. 

Internet de 120 megas 泅 para vocﾃｪ navegar ﾃ jato por apenas R$ 99,90 no debito em conta. 
Este valor fica fixo por 12 meses 沽沽 

汳･Internet WI-FI em casa, e na rua usando os hotspots da NET e da Claro instalados em postes em todo o Brasil, assim vocﾃｪ ainda economiza em seu pacote de dados. 

Nessa promoﾃｧﾃ｣o eu tambﾃｩm consigo pra vocﾃｪ isenﾃｧﾃ｣o da taxa de instalaﾃｧﾃ｣o...

Posso te passar mais informaﾃｧﾃｵes sobre disponibilidade e contrataﾃｧﾃ｣o?"', '', 'admin_added.aiml');
PDO Error:
Array
(
    [0] => 00000
    [1] => 
    [2] => 
)

PDOStatement Error:
Array
(
    [0] => HY000
    [1] => 1366
    [2] => Incorrect string value: '\xF0\x9F\x9A\x80 p...' for column 'template' at row 1
)

Exception Message:
SQLSTATE[HY000]: General error: 1366 Incorrect string value: '\xF0\x9F\x9A\x80 p...' for column 'template' at row 1;
Parameters:
Array
(
    [:bot_id] => 1
    [:pattern] => *Nﾃグ*
    [:that] => SimpleXMLElement Object
        (
            [0] => Oi, meu nome ﾃｩ Tatiane, sou venddora da NET. Tudo bem?
        )

    [:template] => "Queria te dizer que a NET estﾃ｡ com uma promoﾃｧﾃ｣o especial atﾃｩ dia 20/01/2019. 

Internet de 120 megas 泅 para vocﾃｪ navegar ﾃ jato por apenas R$ 99,90 no debito em conta. 
Este valor fica fixo por 12 meses 沽沽 

汳･Internet WI-FI em casa, e na rua usando os hotspots da NET e da Claro instalados em postes em todo o Brasil, assim vocﾃｪ ainda economiza em seu pacote de dados. 

Nessa promoﾃｧﾃ｣o eu tambﾃｩm consigo pra vocﾃｪ isenﾃｧﾃ｣o da taxa de instalaﾃｧﾃ｣o...

Posso te passar mais informaﾃｧﾃｵes sobre disponibilidade e contrataﾃｧﾃ｣o?"
    [:topic] => 
    [:fileName] => admin_added.aiml
)
Bad SQL encountered in file /home/devncom/public_html/clientes/net/ia/admin/upload.php, line #353. SQL:
INSERT INTO `aiml` (`id`, `bot_id`, `pattern`, `thatpattern`, `template`, `topic`, `filename`) VALUES
    (NULL, 1, '*Nﾃグ*', 'Oi, meu nome ﾃｩ Tatiane, sou venddora da NET. Tudo bem?', '"Queria te dizer que a NET estﾃ｡ com uma promoﾃｧﾃ｣o especial atﾃｩ dia 20/01/2019. 

Internet de 120 megas 泅 para vocﾃｪ navegar ﾃ jato por apenas R$ 99,90 no debito em conta. 
Este valor fica fixo por 12 meses 沽沽 

汳･Internet WI-FI em casa, e na rua usando os hotspots da NET e da Claro instalados em postes em todo o Brasil, assim vocﾃｪ ainda economiza em seu pacote de dados. 

Nessa promoﾃｧﾃ｣o eu tambﾃｩm consigo pra vocﾃｪ isenﾃｧﾃ｣o da taxa de instalaﾃｧﾃ｣o...

Posso te passar mais informaﾃｧﾃｵes sobre disponibilidade e contrataﾃｧﾃ｣o?"', '', 'admin_added.aiml');
PDO Error:
Array
(
    [0] => 00000
    [1] => 
    [2] => 
)

PDOStatement Error:
Array
(
    [0] => HY000
    [1] => 1366
    [2] => Incorrect string value: '\xF0\x9F\x9A\x80 p...' for column 'template' at row 1
)

Exception Message:
SQLSTATE[HY000]: General error: 1366 Incorrect string value: '\xF0\x9F\x9A\x80 p...' for column 'template' at row 1;
Parameters:
Array
(
    [:bot_id] => 1
    [:pattern] => *Nﾃグ*
    [:that] => SimpleXMLElement Object
        (
            [0] => Oi, meu nome ﾃｩ Tatiane, sou venddora da NET. Tudo bem?
        )

    [:template] => "Queria te dizer que a NET estﾃ｡ com uma promoﾃｧﾃ｣o especial atﾃｩ dia 20/01/2019. 

Internet de 120 megas 泅 para vocﾃｪ navegar ﾃ jato por apenas R$ 99,90 no debito em conta. 
Este valor fica fixo por 12 meses 沽沽 

汳･Internet WI-FI em casa, e na rua usando os hotspots da NET e da Claro instalados em postes em todo o Brasil, assim vocﾃｪ ainda economiza em seu pacote de dados. 

Nessa promoﾃｧﾃ｣o eu tambﾃｩm consigo pra vocﾃｪ isenﾃｧﾃ｣o da taxa de instalaﾃｧﾃ｣o...

Posso te passar mais informaﾃｧﾃｵes sobre disponibilidade e contrataﾃｧﾃ｣o?"
    [:topic] => 
    [:fileName] => admin_added.aiml
)
Bad SQL encountered in file /home/devncom/public_html/clientes/net/ia/admin/upload.php, line #353. SQL:
INSERT INTO `aiml` (`id`, `bot_id`, `pattern`, `thatpattern`, `template`, `topic`, `filename`) VALUES
    (NULL, 1, '*Nﾃグ*', 'Oi, meu nome ﾃｩ Tatiane, sou venddora da NET. Tudo bem?', '"Queria te dizer que a NET estﾃ｡ com uma promoﾃｧﾃ｣o especial atﾃｩ dia 20/01/2019. 

Internet de 120 megas 泅 para vocﾃｪ navegar ﾃ jato por apenas R$ 99,90 no debito em conta. 
Este valor fica fixo por 12 meses 沽沽 

汳･Internet WI-FI em casa, e na rua usando os hotspots da NET e da Claro instalados em postes em todo o Brasil, assim vocﾃｪ ainda economiza em seu pacote de dados. 

Nessa promoﾃｧﾃ｣o eu tambﾃｩm consigo pra vocﾃｪ isenﾃｧﾃ｣o da taxa de instalaﾃｧﾃ｣o...

Posso te passar mais informaﾃｧﾃｵes sobre disponibilidade e contrataﾃｧﾃ｣o?"', '', 'admin_added.aiml');
PDO Error:
Array
(
    [0] => 00000
    [1] => 
    [2] => 
)

PDOStatement Error:
Array
(
    [0] => HY000
    [1] => 1366
    [2] => Incorrect string value: '\xF0\x9F\x9A\x80 p...' for column 'template' at row 1
)

Exception Message:
SQLSTATE[HY000]: General error: 1366 Incorrect string value: '\xF0\x9F\x9A\x80 p...' for column 'template' at row 1;
Parameters:
Array
(
    [:bot_id] => 1
    [:pattern] => *Nﾃグ*
    [:that] => SimpleXMLElement Object
        (
            [0] => Oi, meu nome ﾃｩ Tatiane, sou venddora da NET. Tudo bem?
        )

    [:template] => "Queria te dizer que a NET estﾃ｡ com uma promoﾃｧﾃ｣o especial atﾃｩ dia 20/01/2019. 

Internet de 120 megas 泅 para vocﾃｪ navegar ﾃ jato por apenas R$ 99,90 no debito em conta. 
Este valor fica fixo por 12 meses 沽沽 

汳･Internet WI-FI em casa, e na rua usando os hotspots da NET e da Claro instalados em postes em todo o Brasil, assim vocﾃｪ ainda economiza em seu pacote de dados. 

Nessa promoﾃｧﾃ｣o eu tambﾃｩm consigo pra vocﾃｪ isenﾃｧﾃ｣o da taxa de instalaﾃｧﾃ｣o...

Posso te passar mais informaﾃｧﾃｵes sobre disponibilidade e contrataﾃｧﾃ｣o?"
    [:topic] => 
    [:fileName] => admin_added.aiml
)
Bad SQL encountered in file /home/devncom/public_html/clientes/net/ia/admin/upload.php, line #353. SQL:
INSERT INTO `aiml` (`id`, `bot_id`, `pattern`, `thatpattern`, `template`, `topic`, `filename`) VALUES
    (NULL, 1, '*Nﾃグ*', 'Oi, meu nome ﾃｩ Tatiane, sou venddora da NET. Tudo bem?', '"Queria te dizer que a NET estﾃ｡ com uma promoﾃｧﾃ｣o especial atﾃｩ dia 20/01/2019. 

Internet de 120 megas 泅 para vocﾃｪ navegar ﾃ jato por apenas R$ 99,90 no debito em conta. 
Este valor fica fixo por 12 meses 沽沽 

汳･Internet WI-FI em casa, e na rua usando os hotspots da NET e da Claro instalados em postes em todo o Brasil, assim vocﾃｪ ainda economiza em seu pacote de dados. 

Nessa promoﾃｧﾃ｣o eu tambﾃｩm consigo pra vocﾃｪ isenﾃｧﾃ｣o da taxa de instalaﾃｧﾃ｣o...

Posso te passar mais informaﾃｧﾃｵes sobre disponibilidade e contrataﾃｧﾃ｣o?"', '', 'admin_added.aiml');
PDO Error:
Array
(
    [0] => 00000
    [1] => 
    [2] => 
)

PDOStatement Error:
Array
(
    [0] => HY000
    [1] => 1366
    [2] => Incorrect string value: '\xF0\x9F\x9A\x80 p...' for column 'template' at row 1
)

Exception Message:
SQLSTATE[HY000]: General error: 1366 Incorrect string value: '\xF0\x9F\x9A\x80 p...' for column 'template' at row 1;
Parameters:
Array
(
    [:bot_id] => 1
    [:pattern] => *Nﾃグ*
    [:that] => SimpleXMLElement Object
        (
            [0] => Oi, meu nome ﾃｩ Tatiane, sou venddora da NET. Tudo bem?
        )

    [:template] => "Queria te dizer que a NET estﾃ｡ com uma promoﾃｧﾃ｣o especial atﾃｩ dia 20/01/2019. 

Internet de 120 megas 泅 para vocﾃｪ navegar ﾃ jato por apenas R$ 99,90 no debito em conta. 
Este valor fica fixo por 12 meses 沽沽 

汳･Internet WI-FI em casa, e na rua usando os hotspots da NET e da Claro instalados em postes em todo o Brasil, assim vocﾃｪ ainda economiza em seu pacote de dados. 

Nessa promoﾃｧﾃ｣o eu tambﾃｩm consigo pra vocﾃｪ isenﾃｧﾃ｣o da taxa de instalaﾃｧﾃ｣o...

Posso te passar mais informaﾃｧﾃｵes sobre disponibilidade e contrataﾃｧﾃ｣o?"
    [:topic] => 
    [:fileName] => admin_added.aiml
)
Bad SQL encountered in file /home/devncom/public_html/clientes/net/ia/admin/upload.php, line #353. SQL:
INSERT INTO `aiml` (`id`, `bot_id`, `pattern`, `thatpattern`, `template`, `topic`, `filename`) VALUES
    (NULL, 1, '*Nﾃグ*', 'Oi, meu nome ﾃｩ Tatiane, sou venddora da NET. Tudo bem?', '"Queria te dizer que a NET estﾃ｡ com uma promoﾃｧﾃ｣o especial atﾃｩ dia 20/01/2019. 

Internet de 120 megas 泅 para vocﾃｪ navegar ﾃ jato por apenas R$ 99,90 no debito em conta. 
Este valor fica fixo por 12 meses 沽沽 

汳･Internet WI-FI em casa, e na rua usando os hotspots da NET e da Claro instalados em postes em todo o Brasil, assim vocﾃｪ ainda economiza em seu pacote de dados. 

Nessa promoﾃｧﾃ｣o eu tambﾃｩm consigo pra vocﾃｪ isenﾃｧﾃ｣o da taxa de instalaﾃｧﾃ｣o...

Posso te passar mais informaﾃｧﾃｵes sobre disponibilidade e contrataﾃｧﾃ｣o?"', '', 'admin_added.aiml');
PDO Error:
Array
(
    [0] => 00000
    [1] => 
    [2] => 
)

PDOStatement Error:
Array
(
    [0] => HY000
    [1] => 1366
    [2] => Incorrect string value: '\xF0\x9F\x9A\x80 p...' for column 'template' at row 1
)

Exception Message:
SQLSTATE[HY000]: General error: 1366 Incorrect string value: '\xF0\x9F\x9A\x80 p...' for column 'template' at row 1;
Parameters:
Array
(
    [:bot_id] => 1
    [:pattern] => *Nﾃグ*
    [:that] => SimpleXMLElement Object
        (
            [0] => Oi, meu nome ﾃｩ Tatiane, sou venddora da NET. Tudo bem?
        )

    [:template] => "Queria te dizer que a NET estﾃ｡ com uma promoﾃｧﾃ｣o especial atﾃｩ dia 20/01/2019. 

Internet de 120 megas 泅 para vocﾃｪ navegar ﾃ jato por apenas R$ 99,90 no debito em conta. 
Este valor fica fixo por 12 meses 沽沽 

汳･Internet WI-FI em casa, e na rua usando os hotspots da NET e da Claro instalados em postes em todo o Brasil, assim vocﾃｪ ainda economiza em seu pacote de dados. 

Nessa promoﾃｧﾃ｣o eu tambﾃｩm consigo pra vocﾃｪ isenﾃｧﾃ｣o da taxa de instalaﾃｧﾃ｣o...

Posso te passar mais informaﾃｧﾃｵes sobre disponibilidade e contrataﾃｧﾃ｣o?"
    [:topic] => 
    [:fileName] => admin_added.aiml
)
Bad SQL encountered in file /home/devncom/public_html/clientes/net/ia/admin/upload.php, line #353. SQL:
INSERT INTO `aiml` (`id`, `bot_id`, `pattern`, `thatpattern`, `template`, `topic`, `filename`) VALUES
    (NULL, 1, '*Nﾃグ*', 'Oi, meu nome ﾃｩ Tatiane, sou venddora da NET. Tudo bem?', '"Queria te dizer que a NET estﾃ｡ com uma promoﾃｧﾃ｣o especial atﾃｩ dia 20/01/2019. 

Internet de 120 megas 泅 para vocﾃｪ navegar ﾃ jato por apenas R$ 99,90 no debito em conta. 
Este valor fica fixo por 12 meses 沽沽 

汳･Internet WI-FI em casa, e na rua usando os hotspots da NET e da Claro instalados em postes em todo o Brasil, assim vocﾃｪ ainda economiza em seu pacote de dados. 

Nessa promoﾃｧﾃ｣o eu tambﾃｩm consigo pra vocﾃｪ isenﾃｧﾃ｣o da taxa de instalaﾃｧﾃ｣o...

Posso te passar mais informaﾃｧﾃｵes sobre disponibilidade e contrataﾃｧﾃ｣o?"', '', 'admin_added.aiml');
PDO Error:
Array
(
    [0] => 00000
    [1] => 
    [2] => 
)

PDOStatement Error:
Array
(
    [0] => HY000
    [1] => 1366
    [2] => Incorrect string value: '\xF0\x9F\x9A\x80 p...' for column 'template' at row 1
)

Exception Message:
SQLSTATE[HY000]: General error: 1366 Incorrect string value: '\xF0\x9F\x9A\x80 p...' for column 'template' at row 1;
Parameters:
Array
(
    [:bot_id] => 1
    [:pattern] => *Nﾃグ*
    [:that] => SimpleXMLElement Object
        (
            [0] => Oi, meu nome ﾃｩ Tatiane, sou venddora da NET. Tudo bem?
        )

    [:template] => "Queria te dizer que a NET estﾃ｡ com uma promoﾃｧﾃ｣o especial atﾃｩ dia 20/01/2019. 

Internet de 120 megas 泅 para vocﾃｪ navegar ﾃ jato por apenas R$ 99,90 no debito em conta. 
Este valor fica fixo por 12 meses 沽沽 

汳･Internet WI-FI em casa, e na rua usando os hotspots da NET e da Claro instalados em postes em todo o Brasil, assim vocﾃｪ ainda economiza em seu pacote de dados. 

Nessa promoﾃｧﾃ｣o eu tambﾃｩm consigo pra vocﾃｪ isenﾃｧﾃ｣o da taxa de instalaﾃｧﾃ｣o...

Posso te passar mais informaﾃｧﾃｵes sobre disponibilidade e contrataﾃｧﾃ｣o?"
    [:topic] => 
    [:fileName] => admin_added.aiml
)
Bad SQL encountered in file /home/devncom/public_html/clientes/net/ia/admin/upload.php, line #353. SQL:
INSERT INTO `aiml` (`id`, `bot_id`, `pattern`, `thatpattern`, `template`, `topic`, `filename`) VALUES
    (NULL, 1, '*Nﾃグ*', 'Oi, meu nome ﾃｩ Tatiane, sou venddora da NET. Tudo bem?', '"Queria te dizer que a NET estﾃ｡ com uma promoﾃｧﾃ｣o especial atﾃｩ dia 20/01/2019. 

Internet de 120 megas 泅 para vocﾃｪ navegar ﾃ jato por apenas R$ 99,90 no debito em conta. 
Este valor fica fixo por 12 meses 沽沽 

汳･Internet WI-FI em casa, e na rua usando os hotspots da NET e da Claro instalados em postes em todo o Brasil, assim vocﾃｪ ainda economiza em seu pacote de dados. 

Nessa promoﾃｧﾃ｣o eu tambﾃｩm consigo pra vocﾃｪ isenﾃｧﾃ｣o da taxa de instalaﾃｧﾃ｣o...

Posso te passar mais informaﾃｧﾃｵes sobre disponibilidade e contrataﾃｧﾃ｣o?"', '', 'admin_added.aiml');
PDO Error:
Array
(
    [0] => 00000
    [1] => 
    [2] => 
)

PDOStatement Error:
Array
(
    [0] => HY000
    [1] => 1366
    [2] => Incorrect string value: '\xF0\x9F\x9A\x80 p...' for column 'template' at row 1
)

Exception Message:
SQLSTATE[HY000]: General error: 1366 Incorrect string value: '\xF0\x9F\x9A\x80 p...' for column 'template' at row 1;
Parameters:
Array
(
    [:bot_id] => 1
    [:pattern] => *Nﾃグ*
    [:that] => SimpleXMLElement Object
        (
            [0] => Oi, meu nome ﾃｩ Tatiane, sou venddora da NET. Tudo bem?
        )

    [:template] => "Queria te dizer que a NET estﾃ｡ com uma promoﾃｧﾃ｣o especial atﾃｩ dia 20/01/2019. 

Internet de 120 megas 泅 para vocﾃｪ navegar ﾃ jato por apenas R$ 99,90 no debito em conta. 
Este valor fica fixo por 12 meses 沽沽 

汳･Internet WI-FI em casa, e na rua usando os hotspots da NET e da Claro instalados em postes em todo o Brasil, assim vocﾃｪ ainda economiza em seu pacote de dados. 

Nessa promoﾃｧﾃ｣o eu tambﾃｩm consigo pra vocﾃｪ isenﾃｧﾃ｣o da taxa de instalaﾃｧﾃ｣o...

Posso te passar mais informaﾃｧﾃｵes sobre disponibilidade e contrataﾃｧﾃ｣o?"
    [:topic] => 
    [:fileName] => admin_added.aiml
)
Bad SQL encountered in file /home/devncom/public_html/clientes/net/ia/admin/upload.php, line #353. SQL:
INSERT INTO `aiml` (`id`, `bot_id`, `pattern`, `thatpattern`, `template`, `topic`, `filename`) VALUES
    (NULL, 1, '*Nﾃグ*', 'Oi, meu nome ﾃｩ Tatiane, sou venddora da NET. Tudo bem?', '"Queria te dizer que a NET estﾃ｡ com uma promoﾃｧﾃ｣o especial atﾃｩ dia 20/01/2019. 

Internet de 120 megas 泅 para vocﾃｪ navegar ﾃ jato por apenas R$ 99,90 no debito em conta. 
Este valor fica fixo por 12 meses 沽沽 

汳･Internet WI-FI em casa, e na rua usando os hotspots da NET e da Claro instalados em postes em todo o Brasil, assim vocﾃｪ ainda economiza em seu pacote de dados. 

Nessa promoﾃｧﾃ｣o eu tambﾃｩm consigo pra vocﾃｪ isenﾃｧﾃ｣o da taxa de instalaﾃｧﾃ｣o...

Posso te passar mais informaﾃｧﾃｵes sobre disponibilidade e contrataﾃｧﾃ｣o?"', '', 'admin_added.aiml');
PDO Error:
Array
(
    [0] => 00000
    [1] => 
    [2] => 
)

PDOStatement Error:
Array
(
    [0] => HY000
    [1] => 1366
    [2] => Incorrect string value: '\xF0\x9F\x9A\x80 p...' for column 'template' at row 1
)

Exception Message:
SQLSTATE[HY000]: General error: 1366 Incorrect string value: '\xF0\x9F\x9A\x80 p...' for column 'template' at row 1;
Parameters:
Array
(
    [:bot_id] => 1
    [:pattern] => *Nﾃグ*
    [:that] => SimpleXMLElement Object
        (
            [0] => Oi, meu nome ﾃｩ Tatiane, sou venddora da NET. Tudo bem?
        )

    [:template] => "Queria te dizer que a NET estﾃ｡ com uma promoﾃｧﾃ｣o especial atﾃｩ dia 20/01/2019. 

Internet de 120 megas 泅 para vocﾃｪ navegar ﾃ jato por apenas R$ 99,90 no debito em conta. 
Este valor fica fixo por 12 meses 沽沽 

汳･Internet WI-FI em casa, e na rua usando os hotspots da NET e da Claro instalados em postes em todo o Brasil, assim vocﾃｪ ainda economiza em seu pacote de dados. 

Nessa promoﾃｧﾃ｣o eu tambﾃｩm consigo pra vocﾃｪ isenﾃｧﾃ｣o da taxa de instalaﾃｧﾃ｣o...

Posso te passar mais informaﾃｧﾃｵes sobre disponibilidade e contrataﾃｧﾃ｣o?"
    [:topic] => 
    [:fileName] => admin_added.aiml
)
Bad SQL encountered in file /home/devncom/public_html/clientes/net/ia/admin/upload.php, line #353. SQL:
INSERT INTO `aiml` (`id`, `bot_id`, `pattern`, `thatpattern`, `template`, `topic`, `filename`) VALUES
    (NULL, 1, '*A*', 'Oi, meu nome ﾃｩ Tatiane, sou venddora da NET. Tudo bem?', '"Queria te dizer que a NET estﾃ｡ com uma promoﾃｧﾃ｣o especial atﾃｩ dia 20/01/2019. 

Internet de 120 megas 泅 para vocﾃｪ navegar ﾃ jato por apenas R$ 99,90 no debito em conta. 
Este valor fica fixo por 12 meses 沽沽 

汳･Internet WI-FI em casa, e na rua usando os hotspots da NET e da Claro instalados em postes em todo o Brasil, assim vocﾃｪ ainda economiza em seu pacote de dados. 

Nessa promoﾃｧﾃ｣o eu tambﾃｩm consigo pra vocﾃｪ isenﾃｧﾃ｣o da taxa de instalaﾃｧﾃ｣o...

Posso te passar mais informaﾃｧﾃｵes sobre disponibilidade e contrataﾃｧﾃ｣o?"', '', 'admin_added.aiml');
PDO Error:
Array
(
    [0] => 00000
    [1] => 
    [2] => 
)

PDOStatement Error:
Array
(
    [0] => HY000
    [1] => 1366
    [2] => Incorrect string value: '\xF0\x9F\x9A\x80 p...' for column 'template' at row 1
)

Exception Message:
SQLSTATE[HY000]: General error: 1366 Incorrect string value: '\xF0\x9F\x9A\x80 p...' for column 'template' at row 1;
Parameters:
Array
(
    [:bot_id] => 1
    [:pattern] => *A*
    [:that] => SimpleXMLElement Object
        (
            [0] => Oi, meu nome ﾃｩ Tatiane, sou venddora da NET. Tudo bem?
        )

    [:template] => "Queria te dizer que a NET estﾃ｡ com uma promoﾃｧﾃ｣o especial atﾃｩ dia 20/01/2019. 

Internet de 120 megas 泅 para vocﾃｪ navegar ﾃ jato por apenas R$ 99,90 no debito em conta. 
Este valor fica fixo por 12 meses 沽沽 

汳･Internet WI-FI em casa, e na rua usando os hotspots da NET e da Claro instalados em postes em todo o Brasil, assim vocﾃｪ ainda economiza em seu pacote de dados. 

Nessa promoﾃｧﾃ｣o eu tambﾃｩm consigo pra vocﾃｪ isenﾃｧﾃ｣o da taxa de instalaﾃｧﾃ｣o...

Posso te passar mais informaﾃｧﾃｵes sobre disponibilidade e contrataﾃｧﾃ｣o?"
    [:topic] => 
    [:fileName] => admin_added.aiml
)
Bad SQL encountered in file /home/devncom/public_html/clientes/net/ia/admin/upload.php, line #353. SQL:
INSERT INTO `aiml` (`id`, `bot_id`, `pattern`, `thatpattern`, `template`, `topic`, `filename`) VALUES
    (NULL, 1, '*A*', 'Oi, meu nome ﾃｩ Tatiane, sou venddora da NET. Tudo bem?', 'Queria te dizer que a NET estﾃ｡ com uma promoﾃｧﾃ｣o especial atﾃｩ dia 20/01/2019. 

Internet de 120 megas 泅 para vocﾃｪ navegar ﾃ jato por apenas R$ 99,90 no debito em conta. 
Este valor fica fixo por 12 meses 沽沽 

汳･Internet WI-FI em casa, e na rua usando os hotspots da NET e da Claro instalados em postes em todo o Brasil, assim vocﾃｪ ainda economiza em seu pacote de dados. 

Nessa promoﾃｧﾃ｣o eu tambﾃｩm consigo pra vocﾃｪ isenﾃｧﾃ｣o da taxa de instalaﾃｧﾃ｣o...

Posso te passar mais informaﾃｧﾃｵes sobre disponibilidade e contrataﾃｧﾃ｣o?', '', 'admin_added.aiml');
PDO Error:
Array
(
    [0] => 00000
    [1] => 
    [2] => 
)

PDOStatement Error:
Array
(
    [0] => HY000
    [1] => 1366
    [2] => Incorrect string value: '\xF0\x9F\x9A\x80 p...' for column 'template' at row 1
)

Exception Message:
SQLSTATE[HY000]: General error: 1366 Incorrect string value: '\xF0\x9F\x9A\x80 p...' for column 'template' at row 1;
Parameters:
Array
(
    [:bot_id] => 1
    [:pattern] => *A*
    [:that] => SimpleXMLElement Object
        (
            [0] => Oi, meu nome ﾃｩ Tatiane, sou venddora da NET. Tudo bem?
        )

    [:template] => Queria te dizer que a NET estﾃ｡ com uma promoﾃｧﾃ｣o especial atﾃｩ dia 20/01/2019. 

Internet de 120 megas 泅 para vocﾃｪ navegar ﾃ jato por apenas R$ 99,90 no debito em conta. 
Este valor fica fixo por 12 meses 沽沽 

汳･Internet WI-FI em casa, e na rua usando os hotspots da NET e da Claro instalados em postes em todo o Brasil, assim vocﾃｪ ainda economiza em seu pacote de dados. 

Nessa promoﾃｧﾃ｣o eu tambﾃｩm consigo pra vocﾃｪ isenﾃｧﾃ｣o da taxa de instalaﾃｧﾃ｣o...

Posso te passar mais informaﾃｧﾃｵes sobre disponibilidade e contrataﾃｧﾃ｣o?
    [:topic] => 
    [:fileName] => admin_added.aiml
)
Bad SQL encountered in file /home/devncom/public_html/clientes/net/ia/admin/upload.php, line #353. SQL:
INSERT INTO `aiml` (`id`, `bot_id`, `pattern`, `thatpattern`, `template`, `topic`, `filename`) VALUES
    (NULL, 1, '*Nﾃグ*', 'Oi, meu nome ﾃｩ Tatiane, sou venddora da NET. Tudo bem?', '"Queria te dizer que a NET estﾃ｡ com uma promoﾃｧﾃ｣o especial atﾃｩ dia 20/01/2019. 

Internet de 120 megas 泅 para vocﾃｪ navegar ﾃ jato por apenas R$ 99,90 no debito em conta. 
Este valor fica fixo por 12 meses 沽沽 

汳･Internet WI-FI em casa, e na rua usando os hotspots da NET e da Claro instalados em postes em todo o Brasil, assim vocﾃｪ ainda economiza em seu pacote de dados. 

Nessa promoﾃｧﾃ｣o eu tambﾃｩm consigo pra vocﾃｪ isenﾃｧﾃ｣o da taxa de instalaﾃｧﾃ｣o...

Posso te passar mais informaﾃｧﾃｵes sobre disponibilidade e contrataﾃｧﾃ｣o?"', '', 'admin_added.aiml');
PDO Error:
Array
(
    [0] => 00000
    [1] => 
    [2] => 
)

PDOStatement Error:
Array
(
    [0] => HY000
    [1] => 1366
    [2] => Incorrect string value: '\xF0\x9F\x9A\x80 p...' for column 'template' at row 1
)

Exception Message:
SQLSTATE[HY000]: General error: 1366 Incorrect string value: '\xF0\x9F\x9A\x80 p...' for column 'template' at row 1;
Parameters:
Array
(
    [:bot_id] => 1
    [:pattern] => *Nﾃグ*
    [:that] => SimpleXMLElement Object
        (
            [0] => Oi, meu nome ﾃｩ Tatiane, sou venddora da NET. Tudo bem?
        )

    [:template] => "Queria te dizer que a NET estﾃ｡ com uma promoﾃｧﾃ｣o especial atﾃｩ dia 20/01/2019. 

Internet de 120 megas 泅 para vocﾃｪ navegar ﾃ jato por apenas R$ 99,90 no debito em conta. 
Este valor fica fixo por 12 meses 沽沽 

汳･Internet WI-FI em casa, e na rua usando os hotspots da NET e da Claro instalados em postes em todo o Brasil, assim vocﾃｪ ainda economiza em seu pacote de dados. 

Nessa promoﾃｧﾃ｣o eu tambﾃｩm consigo pra vocﾃｪ isenﾃｧﾃ｣o da taxa de instalaﾃｧﾃ｣o...

Posso te passar mais informaﾃｧﾃｵes sobre disponibilidade e contrataﾃｧﾃ｣o?"
    [:topic] => 
    [:fileName] => admin_added.aiml
)
Bad SQL encountered in file /home/devncom/public_html/clientes/net/ia/admin/upload.php, line #353. SQL:
INSERT INTO `aiml` (`id`, `bot_id`, `pattern`, `thatpattern`, `template`, `topic`, `filename`) VALUES
    (NULL, 1, '*A*', 'Oi, meu nome ﾃｩ Tatiane, sou venddora da NET. Tudo bem?', 'Queria te dizer que a NET estﾃ｡ com uma promoﾃｧﾃ｣o especial atﾃｩ dia 20/01/2019. 

Internet de 120 megas 泅 para vocﾃｪ navegar ﾃ jato por apenas R$ 99,90 no debito em conta. 
Este valor fica fixo por 12 meses 沽沽 

汳･Internet WI-FI em casa, e na rua usando os hotspots da NET e da Claro instalados em postes em todo o Brasil, assim vocﾃｪ ainda economiza em seu pacote de dados. 

Nessa promoﾃｧﾃ｣o eu tambﾃｩm consigo pra vocﾃｪ isenﾃｧﾃ｣o da taxa de instalaﾃｧﾃ｣o...

Posso te passar mais informaﾃｧﾃｵes sobre disponibilidade e contrataﾃｧﾃ｣o?', '', 'admin_added.aiml');
PDO Error:
Array
(
    [0] => 00000
    [1] => 
    [2] => 
)

PDOStatement Error:
Array
(
    [0] => HY000
    [1] => 1366
    [2] => Incorrect string value: '\xF0\x9F\x9A\x80 p...' for column 'template' at row 1
)

Exception Message:
SQLSTATE[HY000]: General error: 1366 Incorrect string value: '\xF0\x9F\x9A\x80 p...' for column 'template' at row 1;
Parameters:
Array
(
    [:bot_id] => 1
    [:pattern] => *A*
    [:that] => SimpleXMLElement Object
        (
            [0] => Oi, meu nome ﾃｩ Tatiane, sou venddora da NET. Tudo bem?
        )

    [:template] => Queria te dizer que a NET estﾃ｡ com uma promoﾃｧﾃ｣o especial atﾃｩ dia 20/01/2019. 

Internet de 120 megas 泅 para vocﾃｪ navegar ﾃ jato por apenas R$ 99,90 no debito em conta. 
Este valor fica fixo por 12 meses 沽沽 

汳･Internet WI-FI em casa, e na rua usando os hotspots da NET e da Claro instalados em postes em todo o Brasil, assim vocﾃｪ ainda economiza em seu pacote de dados. 

Nessa promoﾃｧﾃ｣o eu tambﾃｩm consigo pra vocﾃｪ isenﾃｧﾃ｣o da taxa de instalaﾃｧﾃ｣o...

Posso te passar mais informaﾃｧﾃｵes sobre disponibilidade e contrataﾃｧﾃ｣o?
    [:topic] => 
    [:fileName] => admin_added.aiml
)
Bad SQL encountered in file /home/devncom/public_html/clientes/net/ia/admin/upload.php, line #353. SQL:
INSERT INTO `aiml` (`id`, `bot_id`, `pattern`, `thatpattern`, `template`, `topic`, `filename`) VALUES
    (NULL, 1, '*A*', 'Oi, meu nome ﾃｩ Tatiane, sou venddora da NET. Tudo bem?', 'Queria te dizer que a NET estﾃ｡ com uma promoﾃｧﾃ｣o especial atﾃｩ dia 20/01/2019. 

Internet de 120 megas 泅 para vocﾃｪ navegar ﾃ jato por apenas R$ 99,90 no debito em conta. 
Este valor fica fixo por 12 meses 沽沽 

汳･Internet WI-FI em casa, e na rua usando os hotspots da NET e da Claro instalados em postes em todo o Brasil, assim vocﾃｪ ainda economiza em seu pacote de dados. 

Nessa promoﾃｧﾃ｣o eu tambﾃｩm consigo pra vocﾃｪ isenﾃｧﾃ｣o da taxa de instalaﾃｧﾃ｣o...

Posso te passar mais informaﾃｧﾃｵes sobre disponibilidade e contrataﾃｧﾃ｣o?', '', 'admin_added.aiml');
PDO Error:
Array
(
    [0] => 00000
    [1] => 
    [2] => 
)

PDOStatement Error:
Array
(
    [0] => HY000
    [1] => 1366
    [2] => Incorrect string value: '\xF0\x9F\x9A\x80 p...' for column 'template' at row 1
)

Exception Message:
SQLSTATE[HY000]: General error: 1366 Incorrect string value: '\xF0\x9F\x9A\x80 p...' for column 'template' at row 1;
Parameters:
Array
(
    [:bot_id] => 1
    [:pattern] => *A*
    [:that] => SimpleXMLElement Object
        (
            [0] => Oi, meu nome ﾃｩ Tatiane, sou venddora da NET. Tudo bem?
        )

    [:template] => Queria te dizer que a NET estﾃ｡ com uma promoﾃｧﾃ｣o especial atﾃｩ dia 20/01/2019. 

Internet de 120 megas 泅 para vocﾃｪ navegar ﾃ jato por apenas R$ 99,90 no debito em conta. 
Este valor fica fixo por 12 meses 沽沽 

汳･Internet WI-FI em casa, e na rua usando os hotspots da NET e da Claro instalados em postes em todo o Brasil, assim vocﾃｪ ainda economiza em seu pacote de dados. 

Nessa promoﾃｧﾃ｣o eu tambﾃｩm consigo pra vocﾃｪ isenﾃｧﾃ｣o da taxa de instalaﾃｧﾃ｣o...

Posso te passar mais informaﾃｧﾃｵes sobre disponibilidade e contrataﾃｧﾃ｣o?
    [:topic] => 
    [:fileName] => admin_added.aiml
)
Bad SQL encountered in file /home/devncom/public_html/clientes/net/ia/admin/upload.php, line #353. SQL:
INSERT INTO `aiml` (`id`, `bot_id`, `pattern`, `thatpattern`, `template`, `topic`, `filename`) VALUES
    (NULL, 1, '*Nﾃグ*', 'Oi, meu nome ﾃｩ Tatiane, sou venddora da NET. Tudo bem?', '"Queria te dizer que a NET estﾃ｡ com uma promoﾃｧﾃ｣o especial atﾃｩ dia 20/01/2019. 

Internet de 120 megas 泅 para vocﾃｪ navegar ﾃ jato por apenas R$ 99,90 no debito em conta. 
Este valor fica fixo por 12 meses 沽沽 

汳･Internet WI-FI em casa, e na rua usando os hotspots da NET e da Claro instalados em postes em todo o Brasil, assim vocﾃｪ ainda economiza em seu pacote de dados. 

Nessa promoﾃｧﾃ｣o eu tambﾃｩm consigo pra vocﾃｪ isenﾃｧﾃ｣o da taxa de instalaﾃｧﾃ｣o...

Posso te passar mais informaﾃｧﾃｵes sobre disponibilidade e contrataﾃｧﾃ｣o?"', '', 'admin_added.aiml');
PDO Error:
Array
(
    [0] => 00000
    [1] => 
    [2] => 
)

PDOStatement Error:
Array
(
    [0] => HY000
    [1] => 1366
    [2] => Incorrect string value: '\xF0\x9F\x9A\x80 p...' for column 'template' at row 1
)

Exception Message:
SQLSTATE[HY000]: General error: 1366 Incorrect string value: '\xF0\x9F\x9A\x80 p...' for column 'template' at row 1;
Parameters:
Array
(
    [:bot_id] => 1
    [:pattern] => *Nﾃグ*
    [:that] => SimpleXMLElement Object
        (
            [0] => Oi, meu nome ﾃｩ Tatiane, sou venddora da NET. Tudo bem?
        )

    [:template] => "Queria te dizer que a NET estﾃ｡ com uma promoﾃｧﾃ｣o especial atﾃｩ dia 20/01/2019. 

Internet de 120 megas 泅 para vocﾃｪ navegar ﾃ jato por apenas R$ 99,90 no debito em conta. 
Este valor fica fixo por 12 meses 沽沽 

汳･Internet WI-FI em casa, e na rua usando os hotspots da NET e da Claro instalados em postes em todo o Brasil, assim vocﾃｪ ainda economiza em seu pacote de dados. 

Nessa promoﾃｧﾃ｣o eu tambﾃｩm consigo pra vocﾃｪ isenﾃｧﾃ｣o da taxa de instalaﾃｧﾃ｣o...

Posso te passar mais informaﾃｧﾃｵes sobre disponibilidade e contrataﾃｧﾃ｣o?"
    [:topic] => 
    [:fileName] => admin_added.aiml
)
Bad SQL encountered in file /home/devncom/public_html/clientes/net/ia/admin/upload.php, line #353. SQL:
INSERT INTO `aiml` (`id`, `bot_id`, `pattern`, `thatpattern`, `template`, `topic`, `filename`) VALUES
    (NULL, 1, '*Nﾃグ*', 'Oi, meu nome ﾃｩ Tatiane, sou venddora da NET. Tudo bem?', '"Queria te dizer que a NET estﾃ｡ com uma promoﾃｧﾃ｣o especial atﾃｩ dia 20/01/2019. 

Internet de 120 megas 泅 para vocﾃｪ navegar ﾃ jato por apenas R$ 99,90 no debito em conta. 
Este valor fica fixo por 12 meses 沽沽 

汳･Internet WI-FI em casa, e na rua usando os hotspots da NET e da Claro instalados em postes em todo o Brasil, assim vocﾃｪ ainda economiza em seu pacote de dados. 

Nessa promoﾃｧﾃ｣o eu tambﾃｩm consigo pra vocﾃｪ isenﾃｧﾃ｣o da taxa de instalaﾃｧﾃ｣o...

Posso te passar mais informaﾃｧﾃｵes sobre disponibilidade e contrataﾃｧﾃ｣o?"', '', 'admin_added.aiml');
PDO Error:
Array
(
    [0] => 00000
    [1] => 
    [2] => 
)

PDOStatement Error:
Array
(
    [0] => HY000
    [1] => 1366
    [2] => Incorrect string value: '\xF0\x9F\x9A\x80 p...' for column 'template' at row 1
)

Exception Message:
SQLSTATE[HY000]: General error: 1366 Incorrect string value: '\xF0\x9F\x9A\x80 p...' for column 'template' at row 1;
Parameters:
Array
(
    [:bot_id] => 1
    [:pattern] => *Nﾃグ*
    [:that] => SimpleXMLElement Object
        (
            [0] => Oi, meu nome ﾃｩ Tatiane, sou venddora da NET. Tudo bem?
        )

    [:template] => "Queria te dizer que a NET estﾃ｡ com uma promoﾃｧﾃ｣o especial atﾃｩ dia 20/01/2019. 

Internet de 120 megas 泅 para vocﾃｪ navegar ﾃ jato por apenas R$ 99,90 no debito em conta. 
Este valor fica fixo por 12 meses 沽沽 

汳･Internet WI-FI em casa, e na rua usando os hotspots da NET e da Claro instalados em postes em todo o Brasil, assim vocﾃｪ ainda economiza em seu pacote de dados. 

Nessa promoﾃｧﾃ｣o eu tambﾃｩm consigo pra vocﾃｪ isenﾃｧﾃ｣o da taxa de instalaﾃｧﾃ｣o...

Posso te passar mais informaﾃｧﾃｵes sobre disponibilidade e contrataﾃｧﾃ｣o?"
    [:topic] => 
    [:fileName] => admin_added.aiml
)
Bad SQL encountered in file /home/devncom/public_html/clientes/net/ia/admin/upload.php, line #353. SQL:
INSERT INTO `aiml` (`id`, `bot_id`, `pattern`, `thatpattern`, `template`, `topic`, `filename`) VALUES
    (NULL, 1, '*A*', 'Oi, meu nome ﾃｩ Tatiane, sou venddora da NET. Tudo bem?', 'Queria te dizer que a NET estﾃ｡ com uma promoﾃｧﾃ｣o especial atﾃｩ dia 20/01/2019. 

Internet de 120 megas 泅', '', 'admin_added.aiml');
PDO Error:
Array
(
    [0] => 00000
    [1] => 
    [2] => 
)

PDOStatement Error:
Array
(
    [0] => HY000
    [1] => 1366
    [2] => Incorrect string value: '\xF0\x9F\x9A\x80' for column 'template' at row 1
)

Exception Message:
SQLSTATE[HY000]: General error: 1366 Incorrect string value: '\xF0\x9F\x9A\x80' for column 'template' at row 1;
Parameters:
Array
(
    [:bot_id] => 1
    [:pattern] => *A*
    [:that] => SimpleXMLElement Object
        (
            [0] => Oi, meu nome ﾃｩ Tatiane, sou venddora da NET. Tudo bem?
        )

    [:template] => Queria te dizer que a NET estﾃ｡ com uma promoﾃｧﾃ｣o especial atﾃｩ dia 20/01/2019. 

Internet de 120 megas 泅
    [:topic] => 
    [:fileName] => admin_added.aiml
)
Bad SQL encountered in file /home/devncom/public_html/clientes/net/ia/admin/upload.php, line #353. SQL:
INSERT INTO `aiml` (`id`, `bot_id`, `pattern`, `thatpattern`, `template`, `topic`, `filename`) VALUES
    (NULL, 1, '*Nﾃグ*', 'Oi, meu nome ﾃｩ Tatiane, sou venddora da NET. Tudo bem?', '"Queria te dizer que a NET estﾃ｡ com uma promoﾃｧﾃ｣o especial atﾃｩ dia 20/01/2019. 

Internet de 120 megas para vocﾃｪ navegar ﾃ jato por apenas R$ 99,90 no debito em conta. 
Este valor fica fixo por 12 meses 

汳･Internet WI-FI em casa, e na rua usando os hotspots da NET e da Claro instalados em postes em todo o Brasil, assim vocﾃｪ ainda economiza em seu pacote de dados. 

Nessa promoﾃｧﾃ｣o eu tambﾃｩm consigo pra vocﾃｪ isenﾃｧﾃ｣o da taxa de instalaﾃｧﾃ｣o...

Posso te passar mais informaﾃｧﾃｵes sobre disponibilidade e contrataﾃｧﾃ｣o?"', '', 'admin_added.aiml');
PDO Error:
Array
(
    [0] => 00000
    [1] => 
    [2] => 
)

PDOStatement Error:
Array
(
    [0] => HY000
    [1] => 1366
    [2] => Incorrect string value: '\xF0\x9F\x92\xA5In...' for column 'template' at row 1
)

Exception Message:
SQLSTATE[HY000]: General error: 1366 Incorrect string value: '\xF0\x9F\x92\xA5In...' for column 'template' at row 1;
Parameters:
Array
(
    [:bot_id] => 1
    [:pattern] => *Nﾃグ*
    [:that] => SimpleXMLElement Object
        (
            [0] => Oi, meu nome ﾃｩ Tatiane, sou venddora da NET. Tudo bem?
        )

    [:template] => "Queria te dizer que a NET estﾃ｡ com uma promoﾃｧﾃ｣o especial atﾃｩ dia 20/01/2019. 

Internet de 120 megas para vocﾃｪ navegar ﾃ jato por apenas R$ 99,90 no debito em conta. 
Este valor fica fixo por 12 meses 

汳･Internet WI-FI em casa, e na rua usando os hotspots da NET e da Claro instalados em postes em todo o Brasil, assim vocﾃｪ ainda economiza em seu pacote de dados. 

Nessa promoﾃｧﾃ｣o eu tambﾃｩm consigo pra vocﾃｪ isenﾃｧﾃ｣o da taxa de instalaﾃｧﾃ｣o...

Posso te passar mais informaﾃｧﾃｵes sobre disponibilidade e contrataﾃｧﾃ｣o?"
    [:topic] => 
    [:fileName] => admin_added.aiml
)
Bad SQL encountered in file /home/devncom/public_html/clientes/net/ia/admin/upload.php, line #353. SQL:
INSERT INTO `aiml` (`id`, `bot_id`, `pattern`, `thatpattern`, `template`, `topic`, `filename`) VALUES
    (NULL, 1, '*Nﾃグ*', 'Oi, meu nome ﾃｩ Tatiane, sou venddora da NET. Tudo bem?', '"Queria te dizer que a NET estﾃ｡ com uma promoﾃｧﾃ｣o especial atﾃｩ dia 20/01/2019. 

Internet de 120 megas para vocﾃｪ navegar ﾃ jato por apenas R$ 99,90 no debito em conta. 
Este valor fica fixo por 12 meses 

汳･Internet WI-FI em casa, e na rua usando os hotspots da NET e da Claro instalados em postes em todo o Brasil, assim vocﾃｪ ainda economiza em seu pacote de dados. 

Nessa promoﾃｧﾃ｣o eu tambﾃｩm consigo pra vocﾃｪ isenﾃｧﾃ｣o da taxa de instalaﾃｧﾃ｣o...

Posso te passar mais informaﾃｧﾃｵes sobre disponibilidade e contrataﾃｧﾃ｣o?"', '', 'teste5.aiml');
PDO Error:
Array
(
    [0] => 00000
    [1] => 
    [2] => 
)

PDOStatement Error:
Array
(
    [0] => HY000
    [1] => 1366
    [2] => Incorrect string value: '\xF0\x9F\x92\xA5In...' for column 'template' at row 1
)

Exception Message:
SQLSTATE[HY000]: General error: 1366 Incorrect string value: '\xF0\x9F\x92\xA5In...' for column 'template' at row 1;
Parameters:
Array
(
    [:bot_id] => 1
    [:pattern] => *Nﾃグ*
    [:that] => SimpleXMLElement Object
        (
            [0] => Oi, meu nome ﾃｩ Tatiane, sou venddora da NET. Tudo bem?
        )

    [:template] => "Queria te dizer que a NET estﾃ｡ com uma promoﾃｧﾃ｣o especial atﾃｩ dia 20/01/2019. 

Internet de 120 megas para vocﾃｪ navegar ﾃ jato por apenas R$ 99,90 no debito em conta. 
Este valor fica fixo por 12 meses 

汳･Internet WI-FI em casa, e na rua usando os hotspots da NET e da Claro instalados em postes em todo o Brasil, assim vocﾃｪ ainda economiza em seu pacote de dados. 

Nessa promoﾃｧﾃ｣o eu tambﾃｩm consigo pra vocﾃｪ isenﾃｧﾃ｣o da taxa de instalaﾃｧﾃ｣o...

Posso te passar mais informaﾃｧﾃｵes sobre disponibilidade e contrataﾃｧﾃ｣o?"
    [:topic] => 
    [:fileName] => teste5.aiml
)
Bad SQL encountered in file /home/devncom/public_html/clientes/net/ia/admin/upload.php, line #353. SQL:
INSERT INTO `aiml` (`id`, `bot_id`, `pattern`, `thatpattern`, `template`, `topic`, `filename`) VALUES
    (NULL, 1, '*U*', 'Oi, meu nome ﾃｩ Tatiane, sou venddora da NET. Tudo bem?', '"Queria te dizer que a NET estﾃ｡ com uma promoﾃｧﾃ｣o especial atﾃｩ dia 20/01/2019. 

Internet de 120 megas para vocﾃｪ navegar ﾃ jato por apenas R$ 99,90 no debito em conta. 
Este valor fica fixo por 12 meses 

汳･Internet WI-FI em casa, e na rua usando os hotspots da NET e da Claro instalados em postes em todo o Brasil, assim vocﾃｪ ainda economiza em seu pacote de dados. 

Nessa promoﾃｧﾃ｣o eu tambﾃｩm consigo pra vocﾃｪ isenﾃｧﾃ｣o da taxa de instalaﾃｧﾃ｣o...

Posso te passar mais informaﾃｧﾃｵes sobre disponibilidade e contrataﾃｧﾃ｣o?"', '', 'admin_added.aiml');
PDO Error:
Array
(
    [0] => 00000
    [1] => 
    [2] => 
)

PDOStatement Error:
Array
(
    [0] => HY000
    [1] => 1366
    [2] => Incorrect string value: '\xF0\x9F\x92\xA5In...' for column 'template' at row 1
)

Exception Message:
SQLSTATE[HY000]: General error: 1366 Incorrect string value: '\xF0\x9F\x92\xA5In...' for column 'template' at row 1;
Parameters:
Array
(
    [:bot_id] => 1
    [:pattern] => *U*
    [:that] => SimpleXMLElement Object
        (
            [0] => Oi, meu nome ﾃｩ Tatiane, sou venddora da NET. Tudo bem?
        )

    [:template] => "Queria te dizer que a NET estﾃ｡ com uma promoﾃｧﾃ｣o especial atﾃｩ dia 20/01/2019. 

Internet de 120 megas para vocﾃｪ navegar ﾃ jato por apenas R$ 99,90 no debito em conta. 
Este valor fica fixo por 12 meses 

汳･Internet WI-FI em casa, e na rua usando os hotspots da NET e da Claro instalados em postes em todo o Brasil, assim vocﾃｪ ainda economiza em seu pacote de dados. 

Nessa promoﾃｧﾃ｣o eu tambﾃｩm consigo pra vocﾃｪ isenﾃｧﾃ｣o da taxa de instalaﾃｧﾃ｣o...

Posso te passar mais informaﾃｧﾃｵes sobre disponibilidade e contrataﾃｧﾃ｣o?"
    [:topic] => 
    [:fileName] => admin_added.aiml
)
