$data = <?xml version="1.0"?>
<program_o>
  <version>2.6.11</version>
  <status>
    <success>1</success>
  </status>
  <bot_id>1</bot_id>
  <bot_name>Net Bot</bot_name>
  <user_id>24</user_id>
  <user_name>Entrou</user_name>
  <chat>
    <line>
      <input>Teste</input>
      <response>SEM RESPOSTA</response>
    </line>
  </chat>
</program_o>




<div class="caption text-center">       
    <a href="https://api.whatsapp.com/send?phone=revq3cvfi00676q6eq0fhia9g2&text=SEM RESPOSTA">
        <button class="btn">Whatsapp</button>
    </a>
</div>



SEM RESPOSTA$data = <?xml version="1.0"?>
<program_o>
  <version>2.6.11</version>
  <status>
    <success>1</success>
  </status>
  <bot_id>1</bot_id>
  <bot_name>Net Bot</bot_name>
  <user_id>24</user_id>
  <user_name>Entrou</user_name>
  <chat>
    <line>
      <input>Oi</input>
      <response>SEM RESPOSTA</response>
    </line>
  </chat>
</program_o>




<div class="caption text-center">       
    <a href="https://api.whatsapp.com/send?phone=revq3cvfi00676q6eq0fhia9g2&text=SEM RESPOSTA">
        <button class="btn">Whatsapp</button>
    </a>
</div>



SEM RESPOSTA$data = <?xml version="1.0"?>
<program_o>
  <version>2.6.11</version>
  <status>
    <success>1</success>
  </status>
  <bot_id>1</bot_id>
  <bot_name>Net Bot</bot_name>
  <user_id>24</user_id>
  <user_name>Entrou</user_name>
  <chat>
    <line>
      <input>Boi</input>
      <response>Queria te dizer que a NET est&#xE1; com uma promo&#xE7;&#xE3;o especial at&#xE9; dia 20/01/2019. Internet de 120 megas para voc&#xEA; navegar &#xE0; jato por apenas R$ 99,90 no debito em conta. Este valor fica fixo por 12 meses! Ainda ganhe Internet WI-FI em casa, e na rua usando os hotspots da NET e da Claro instalados em postes em todo o Brasil, assim voc&#xEA; ainda economiza em seu pacote de dados. Nessa promo&#xE7;&#xE3;o eu tamb&#xE9;m consigo pra voc&#xEA; isen&#xE7;&#xE3;o da taxa de instala&#xE7;&#xE3;o.Posso te passar mais informa&#xE7;&#xF5;es sobre disponibilidade e contrata&#xE7;&#xE3;o?</response>
    </line>
  </chat>
</program_o>




<div class="caption text-center">       
    <a href="https://api.whatsapp.com/send?phone=revq3cvfi00676q6eq0fhia9g2&text=Queria te dizer que a NET está com uma promoção especial até dia 20/01/2019. Internet de 120 megas para você navegar à jato por apenas R$ 99,90 no debito em conta. Este valor fica fixo por 12 meses! Ainda ganhe Internet WI-FI em casa, e na rua usando os hotspots da NET e da Claro instalados em postes em todo o Brasil, assim você ainda economiza em seu pacote de dados. Nessa promoção eu também consigo pra você isenção da taxa de instalação.Posso te passar mais informações sobre disponibilidade e contratação?">
        <button class="btn">Whatsapp</button>
    </a>
</div>



Queria te dizer que a NET está com uma promoção especial até dia 20/01/2019. Internet de 120 megas para você navegar à jato por apenas R$ 99,90 no debito em conta. Este valor fica fixo por 12 meses! Ainda ganhe Internet WI-FI em casa, e na rua usando os hotspots da NET e da Claro instalados em postes em todo o Brasil, assim você ainda economiza em seu pacote de dados. Nessa promoção eu também consigo pra você isenção da taxa de instalação.Posso te passar mais informações sobre disponibilidade e contratação?$data = <?xml version="1.0"?>
<program_o>
  <version>2.6.11</version>
  <status>
    <success>1</success>
  </status>
  <bot_id>1</bot_id>
  <bot_name>Net Bot</bot_name>
  <user_id>25</user_id>
  <user_name>Entrou</user_name>
  <chat>
    <line>
      <input>oi</input>
      <response>SEM RESPOSTA</response>
    </line>
  </chat>
</program_o>




<div class="caption text-center">       
    <a href="https://api.whatsapp.com/send?phone=rasvppreepv9t8f21u8f47hcg1&text=SEM RESPOSTA">
        <button class="btn">Whatsapp</button>
    </a>
</div>



SEM RESPOSTA$data = <?xml version="1.0"?>
<program_o>
  <version>2.6.11</version>
  <status>
    <success>1</success>
  </status>
  <bot_id>1</bot_id>
  <bot_name>Net Bot</bot_name>
  <user_id>25</user_id>
  <user_name>Entrou</user_name>
  <chat>
    <line>
      <input>oi</input>
      <response>SEM RESPOSTA</response>
    </line>
  </chat>
</program_o>




<div class="caption text-center">       
    <a href="https://api.whatsapp.com/send?phone=rasvppreepv9t8f21u8f47hcg1&text=SEM RESPOSTA">
        <button class="btn">Whatsapp</button>
    </a>
</div>



SEM RESPOSTA$data = <?xml version="1.0"?>
<program_o>
  <version>2.6.11</version>
  <status>
    <success>1</success>
  </status>
  <bot_id>1</bot_id>
  <bot_name>Net Bot</bot_name>
  <user_id>24</user_id>
  <user_name>Entrou</user_name>
  <chat>
    <line>
      <input>sim</input>
      <response>"Queria te dizer que a NET est&#xE1; com uma promo&#xE7;&#xE3;o especial at&#xE9; dia 20/01/2019. Internet de 120 megas para voc&#xEA; navegar &#xE0; jato por apenas R$ 99,90 no debito em conta. Este valor fica fixo por 12 meses Internet WI-FI em casa, e na rua usando os hotspots da NET e da Claro instalados em postes em todo o Brasil, assim voc&#xEA; ainda economiza em seu pacote de dados. Nessa promo&#xE7;&#xE3;o eu tamb&#xE9;m consigo pra voc&#xEA; isen&#xE7;&#xE3;o da taxa de instala&#xE7;&#xE3;o...Posso te passar mais informa&#xE7;&#xF5;es sobre disponibilidade e contrata&#xE7;&#xE3;o?"</response>
    </line>
  </chat>
</program_o>




<div class="caption text-center">       
    <a href="https://api.whatsapp.com/send?phone=revq3cvfi00676q6eq0fhia9g2&text="Queria te dizer que a NET está com uma promoção especial até dia 20/01/2019. Internet de 120 megas para você navegar à jato por apenas R$ 99,90 no debito em conta. Este valor fica fixo por 12 meses Internet WI-FI em casa, e na rua usando os hotspots da NET e da Claro instalados em postes em todo o Brasil, assim você ainda economiza em seu pacote de dados. Nessa promoção eu também consigo pra você isenção da taxa de instalação...Posso te passar mais informações sobre disponibilidade e contratação?"">
        <button class="btn">Whatsapp</button>
    </a>
</div>



"Queria te dizer que a NET está com uma promoção especial até dia 20/01/2019. Internet de 120 megas para você navegar à jato por apenas R$ 99,90 no debito em conta. Este valor fica fixo por 12 meses Internet WI-FI em casa, e na rua usando os hotspots da NET e da Claro instalados em postes em todo o Brasil, assim você ainda economiza em seu pacote de dados. Nessa promoção eu também consigo pra você isenção da taxa de instalação...Posso te passar mais informações sobre disponibilidade e contratação?"