An error was generated while extracting a row of data from the database. Relevant info:
File: /home/devn1web/public_html/clientes/vital/ia/chatbot/core/aiml/find_aiml.php
Function: get_topic
Line #: 1116
Error Message: SQLSTATE[42S02]: Base table or view not found: 1146 Table 'devn1web_chat_teste.client_properties' doesn't exist
SQL: SELECT `value` FROM `client_properties` WHERE `user_id` = 0 AND `bot_id` = 1 and `name` = 'topic';
Parameters: Array
(
    [:bot_id] => 1
    [:user_id] => 0
)

PDO error: Array
(
    [0] => 00000
    [1] => 
    [2] => 
)

PDOStatement error: Array
(
    [0] => 42S02
    [1] => 1146
    [2] => Table 'devn1web_chat_teste.client_properties' doesn't exist
)

An error was generated while extracting a row of data from the database. Relevant info:
File: /home/devn1web/public_html/clientes/vital/ia/chatbot/core/aiml/find_aiml.php
Function: get_topic
Line #: 1116
Error Message: SQLSTATE[42S02]: Base table or view not found: 1146 Table 'devn1web_chat_teste.client_properties' doesn't exist
SQL: SELECT `value` FROM `client_properties` WHERE `user_id` = 0 AND `bot_id` = 1 and `name` = 'topic';
Parameters: Array
(
    [:bot_id] => 1
    [:user_id] => 0
)

PDO error: Array
(
    [0] => 00000
    [1] => 
    [2] => 
)

PDOStatement error: Array
(
    [0] => 42S02
    [1] => 1146
    [2] => Table 'devn1web_chat_teste.client_properties' doesn't exist
)

An error was generated while extracting a row of data from the database. Relevant info:
File: /home/devn1web/public_html/clientes/vital/ia/chatbot/core/aiml/find_aiml.php
Function: get_topic
Line #: 1116
Error Message: SQLSTATE[42S02]: Base table or view not found: 1146 Table 'devn1web_chat_teste.client_properties' doesn't exist
SQL: SELECT `value` FROM `client_properties` WHERE `user_id` = 0 AND `bot_id` = 1 and `name` = 'topic';
Parameters: Array
(
    [:bot_id] => 1
    [:user_id] => 0
)

PDO error: Array
(
    [0] => 00000
    [1] => 
    [2] => 
)

PDOStatement error: Array
(
    [0] => 42S02
    [1] => 1146
    [2] => Table 'devn1web_chat_teste.client_properties' doesn't exist
)

An error was generated while extracting a row of data from the database. Relevant info:
File: /home/devn1web/public_html/clientes/vital/ia/chatbot/core/aiml/find_aiml.php
Function: get_topic
Line #: 1116
Error Message: SQLSTATE[42S02]: Base table or view not found: 1146 Table 'devn1web_chat_teste.client_properties' doesn't exist
SQL: SELECT `value` FROM `client_properties` WHERE `user_id` = 0 AND `bot_id` = 1 and `name` = 'topic';
Parameters: Array
(
    [:bot_id] => 1
    [:user_id] => 0
)

PDO error: Array
(
    [0] => 00000
    [1] => 
    [2] => 
)

PDOStatement error: Array
(
    [0] => 42S02
    [1] => 1146
    [2] => Table 'devn1web_chat_teste.client_properties' doesn't exist
)

An error was generated while extracting a row of data from the database. Relevant info:
File: /home/devn1web/public_html/clientes/vital/ia/chatbot/core/aiml/find_aiml.php
Function: get_topic
Line #: 1116
Error Message: SQLSTATE[42S02]: Base table or view not found: 1146 Table 'devn1web_chat_teste.client_properties' doesn't exist
SQL: SELECT `value` FROM `client_properties` WHERE `user_id` = 0 AND `bot_id` = 1 and `name` = 'topic';
Parameters: Array
(
    [:bot_id] => 1
    [:user_id] => 0
)

PDO error: Array
(
    [0] => 00000
    [1] => 
    [2] => 
)

PDOStatement error: Array
(
    [0] => 42S02
    [1] => 1146
    [2] => Table 'devn1web_chat_teste.client_properties' doesn't exist
)

An error was generated while extracting a row of data from the database. Relevant info:
File: /home/devn1web/public_html/clientes/vital/ia/chatbot/core/aiml/find_aiml.php
Function: get_topic
Line #: 1116
Error Message: SQLSTATE[42S02]: Base table or view not found: 1146 Table 'devn1web_chat_teste.client_properties' doesn't exist
SQL: SELECT `value` FROM `client_properties` WHERE `user_id` = 0 AND `bot_id` = 1 and `name` = 'topic';
Parameters: Array
(
    [:bot_id] => 1
    [:user_id] => 0
)

PDO error: Array
(
    [0] => 00000
    [1] => 
    [2] => 
)

PDOStatement error: Array
(
    [0] => 42S02
    [1] => 1146
    [2] => Table 'devn1web_chat_teste.client_properties' doesn't exist
)

An error was generated while extracting a row of data from the database. Relevant info:
File: /home/devn1web/public_html/clientes/vital/ia/chatbot/core/aiml/find_aiml.php
Function: get_topic
Line #: 1116
Error Message: SQLSTATE[42S02]: Base table or view not found: 1146 Table 'devn1web_chat_teste.client_properties' doesn't exist
SQL: SELECT `value` FROM `client_properties` WHERE `user_id` = 0 AND `bot_id` = 1 and `name` = 'topic';
Parameters: Array
(
    [:bot_id] => 1
    [:user_id] => 0
)

PDO error: Array
(
    [0] => 00000
    [1] => 
    [2] => 
)

PDOStatement error: Array
(
    [0] => 42S02
    [1] => 1146
    [2] => Table 'devn1web_chat_teste.client_properties' doesn't exist
)

An error was generated while extracting a row of data from the database. Relevant info:
File: /home/devn1web/public_html/clientes/vital/ia/chatbot/core/aiml/find_aiml.php
Function: get_topic
Line #: 1116
Error Message: SQLSTATE[42S02]: Base table or view not found: 1146 Table 'devn1web_chat_teste.client_properties' doesn't exist
SQL: SELECT `value` FROM `client_properties` WHERE `user_id` = 0 AND `bot_id` = 1 and `name` = 'topic';
Parameters: Array
(
    [:bot_id] => 1
    [:user_id] => 0
)

PDO error: Array
(
    [0] => 00000
    [1] => 
    [2] => 
)

PDOStatement error: Array
(
    [0] => 42S02
    [1] => 1146
    [2] => Table 'devn1web_chat_teste.client_properties' doesn't exist
)

