Bad SQL encountered in file /home/devncom/public_html/clientes/net/ia/admin/select_bots.php, line #293. SQL:
UPDATE `bots`  set `bot_name` = 'Bot 3', set `remember_up_to` = 10 WHERE `bot_id` = 3;
PDO Error:
Array
(
    [0] => 00000
    [1] => 
    [2] => 
)

PDOStatement Error:
Array
(
    [0] => 42000
    [1] => 1064
    [2] => You have an error in your SQL syntax; check the manual that corresponds to your MySQL server version for the right syntax to use near 'set `remember_up_to` = '10' WHERE `bot_id` = '3'' at line 1
)

Exception Message:
SQLSTATE[42000]: Syntax error or access violation: 1064 You have an error in your SQL syntax; check the manual that corresponds to your MySQL server version for the right syntax to use near 'set `remember_up_to` = '10' WHERE `bot_id` = '3'' at line 1;
Parameters:
Array
(
    [:bot_id] => 3
    [:bot_name] => Bot 3
    [:remember_up_to] => 10
)
Bad SQL encountered in file /home/devncom/public_html/clientes/net/ia/admin/select_bots.php, line #293. SQL:
UPDATE `bots`  set `default_aiml_pattern` = 'Bot nu 2', set `remember_up_to` = 10 WHERE `bot_id` = 2;
PDO Error:
Array
(
    [0] => 00000
    [1] => 
    [2] => 
)

PDOStatement Error:
Array
(
    [0] => 42000
    [1] => 1064
    [2] => You have an error in your SQL syntax; check the manual that corresponds to your MySQL server version for the right syntax to use near 'set `remember_up_to` = '10' WHERE `bot_id` = '2'' at line 1
)

Exception Message:
SQLSTATE[42000]: Syntax error or access violation: 1064 You have an error in your SQL syntax; check the manual that corresponds to your MySQL server version for the right syntax to use near 'set `remember_up_to` = '10' WHERE `bot_id` = '2'' at line 1;
Parameters:
Array
(
    [:bot_id] => 2
    [:default_aiml_pattern] => Bot nu 2
    [:remember_up_to] => 10
)
Bad SQL encountered in file /home/devncom/public_html/clientes/net/ia/admin/select_bots.php, line #293. SQL:
UPDATE `bots`  set `format` = 'json', set `remember_up_to` = 10 WHERE `bot_id` = 2;
PDO Error:
Array
(
    [0] => 00000
    [1] => 
    [2] => 
)

PDOStatement Error:
Array
(
    [0] => 42000
    [1] => 1064
    [2] => You have an error in your SQL syntax; check the manual that corresponds to your MySQL server version for the right syntax to use near 'set `remember_up_to` = '10' WHERE `bot_id` = '2'' at line 1
)

Exception Message:
SQLSTATE[42000]: Syntax error or access violation: 1064 You have an error in your SQL syntax; check the manual that corresponds to your MySQL server version for the right syntax to use near 'set `remember_up_to` = '10' WHERE `bot_id` = '2'' at line 1;
Parameters:
Array
(
    [:bot_id] => 2
    [:format] => json
    [:remember_up_to] => 10
)
Bad SQL encountered in file /home/devncom/public_html/clientes/net/ia/admin/select_bots.php, line #293. SQL:
UPDATE `bots`  set `format` = 'json', set `remember_up_to` = 10, set `debugmode` = 1 WHERE `bot_id` = 2;
PDO Error:
Array
(
    [0] => 00000
    [1] => 
    [2] => 
)

PDOStatement Error:
Array
(
    [0] => 42000
    [1] => 1064
    [2] => You have an error in your SQL syntax; check the manual that corresponds to your MySQL server version for the right syntax to use near 'set `remember_up_to` = '10', set `debugmode` = '1' WHERE `bot_id` = '2'' at line 1
)

Exception Message:
SQLSTATE[42000]: Syntax error or access violation: 1064 You have an error in your SQL syntax; check the manual that corresponds to your MySQL server version for the right syntax to use near 'set `remember_up_to` = '10', set `debugmode` = '1' WHERE `bot_id` = '2'' at line 1;
Parameters:
Array
(
    [:bot_id] => 2
    [:format] => json
    [:remember_up_to] => 10
    [:debugmode] => 1
)
