    King Bot has encountered an error. this may help:
    Error # 8
    Message: Undefined variable: convo_id
    File: /home/devncom/public_html/clientes/net/ia/admin/logs.php, line 177

    King Bot has encountered an error. this may help:
    Error # 8
    Message: Undefined variable: convo_id
    File: /home/devncom/public_html/clientes/net/ia/admin/logs.php, line 177

    King Bot has encountered an error. this may help:
    Error # 8
    Message: Undefined variable: convo_id
    File: /home/devncom/public_html/clientes/net/ia/admin/logs.php, line 177

    King Bot has encountered an error. this may help:
    Error # 8
    Message: Undefined variable: convo_id
    File: /home/devncom/public_html/clientes/net/ia/admin/logs.php, line 177

    King Bot has encountered an error. this may help:
    Error # 8
    Message: Undefined variable: convo_id
    File: /home/devncom/public_html/clientes/net/ia/admin/logs.php, line 177

    King Bot has encountered an error. this may help:
    Error # 8
    Message: Undefined variable: convo_id
    File: /home/devncom/public_html/clientes/net/ia/admin/logs.php, line 177

    King Bot has encountered an error. this may help:
    Error # 8
    Message: Undefined variable: convo_id
    File: /home/devncom/public_html/clientes/net/ia/admin/logs.php, line 177

    King Bot has encountered an error. this may help:
    Error # 8
    Message: Undefined variable: convo_id
    File: /home/devncom/public_html/clientes/net/ia/admin/logs.php, line 177

    King Bot has encountered an error. this may help:
    Error # 8
    Message: Undefined variable: convo_id
    File: /home/devncom/public_html/clientes/net/ia/admin/logs.php, line 177

    King Bot has encountered an error. this may help:
    Error # 8
    Message: Undefined index: convo_id
    File: /home/devncom/public_html/clientes/net/ia/admin/logs.php, line 168

    King Bot has encountered an error. this may help:
    Error # 8
    Message: Undefined index: convo_id
    File: /home/devncom/public_html/clientes/net/ia/admin/logs.php, line 168

    King Bot has encountered an error. this may help:
    Error # 8
    Message: Undefined index: convo_id
    File: /home/devncom/public_html/clientes/net/ia/admin/logs.php, line 168

    King Bot has encountered an error. this may help:
    Error # 8
    Message: Undefined index: convo_id
    File: /home/devncom/public_html/clientes/net/ia/admin/logs.php, line 168

    King Bot has encountered an error. this may help:
    Error # 8
    Message: Undefined index: convo_id
    File: /home/devncom/public_html/clientes/net/ia/admin/logs.php, line 168

    King Bot has encountered an error. this may help:
    Error # 8
    Message: Undefined index: convo_id
    File: /home/devncom/public_html/clientes/net/ia/admin/logs.php, line 168

    King Bot has encountered an error. this may help:
    Error # 8
    Message: Undefined index: convo_id
    File: /home/devncom/public_html/clientes/net/ia/admin/logs.php, line 168

    King Bot has encountered an error. this may help:
    Error # 8
    Message: Undefined index: convo_id
    File: /home/devncom/public_html/clientes/net/ia/admin/logs.php, line 168

    King Bot has encountered an error. this may help:
    Error # 8
    Message: Undefined index: convo_id
    File: /home/devncom/public_html/clientes/net/ia/admin/logs.php, line 168

    King Bot has encountered an error. this may help:
    Error # 8
    Message: Undefined index: convo_id
    File: /home/devncom/public_html/clientes/net/ia/admin/logs.php, line 168

    King Bot has encountered an error. this may help:
    Error # 8
    Message: Undefined index: convo_id
    File: /home/devncom/public_html/clientes/net/ia/admin/logs.php, line 168

    King Bot has encountered an error. this may help:
    Error # 8
    Message: Undefined index: convo_id
    File: /home/devncom/public_html/clientes/net/ia/admin/logs.php, line 168

    King Bot has encountered an error. this may help:
    Error # 8
    Message: Undefined index: convo_id
    File: /home/devncom/public_html/clientes/net/ia/admin/logs.php, line 168

    King Bot has encountered an error. this may help:
    Error # 8
    Message: Undefined index: convo_id
    File: /home/devncom/public_html/clientes/net/ia/admin/logs.php, line 168

    King Bot has encountered an error. this may help:
    Error # 8
    Message: Undefined index: convo_id
    File: /home/devncom/public_html/clientes/net/ia/admin/logs.php, line 168

    King Bot has encountered an error. this may help:
    Error # 8
    Message: Undefined index: convo_id
    File: /home/devncom/public_html/clientes/net/ia/admin/logs.php, line 168

    King Bot has encountered an error. this may help:
    Error # 8
    Message: Undefined index: convo_id
    File: /home/devncom/public_html/clientes/net/ia/admin/logs.php, line 168

    King Bot has encountered an error. this may help:
    Error # 8
    Message: Undefined index: convo_id
    File: /home/devncom/public_html/clientes/net/ia/admin/logs.php, line 168

    King Bot has encountered an error. this may help:
    Error # 8
    Message: Undefined index: convo_id
    File: /home/devncom/public_html/clientes/net/ia/admin/logs.php, line 168

    King Bot has encountered an error. this may help:
    Error # 8
    Message: Undefined index: convo_id
    File: /home/devncom/public_html/clientes/net/ia/admin/logs.php, line 168

    King Bot has encountered an error. this may help:
    Error # 8
    Message: Undefined index: convo_id
    File: /home/devncom/public_html/clientes/net/ia/admin/logs.php, line 168

    King Bot has encountered an error. this may help:
    Error # 8
    Message: Undefined index: convo_id
    File: /home/devncom/public_html/clientes/net/ia/admin/logs.php, line 168

    King Bot has encountered an error. this may help:
    Error # 8
    Message: Undefined index: convo_id
    File: /home/devncom/public_html/clientes/net/ia/admin/logs.php, line 168

    King Bot has encountered an error. this may help:
    Error # 8
    Message: Undefined index: convo_id
    File: /home/devncom/public_html/clientes/net/ia/admin/logs.php, line 168

    King Bot has encountered an error. this may help:
    Error # 8
    Message: Undefined index: convo_id
    File: /home/devncom/public_html/clientes/net/ia/admin/logs.php, line 168

    King Bot has encountered an error. this may help:
    Error # 8
    Message: Undefined index: convo_id
    File: /home/devncom/public_html/clientes/net/ia/admin/logs.php, line 168

    King Bot has encountered an error. this may help:
    Error # 8
    Message: Undefined index: convo_id
    File: /home/devncom/public_html/clientes/net/ia/admin/logs.php, line 168

    King Bot has encountered an error. this may help:
    Error # 8
    Message: Undefined index: convo_id
    File: /home/devncom/public_html/clientes/net/ia/admin/logs.php, line 168

    King Bot has encountered an error. this may help:
    Error # 8
    Message: Undefined index: convo_id
    File: /home/devncom/public_html/clientes/net/ia/admin/logs.php, line 168

    King Bot has encountered an error. this may help:
    Error # 8
    Message: Undefined index: convo_id
    File: /home/devncom/public_html/clientes/net/ia/admin/logs.php, line 168

    King Bot has encountered an error. this may help:
    Error # 8
    Message: Undefined index: convo_id
    File: /home/devncom/public_html/clientes/net/ia/admin/logs.php, line 168

    King Bot has encountered an error. this may help:
    Error # 8
    Message: Undefined index: convo_id
    File: /home/devncom/public_html/clientes/net/ia/admin/logs.php, line 168

    King Bot has encountered an error. this may help:
    Error # 8
    Message: Undefined index: convo_id
    File: /home/devncom/public_html/clientes/net/ia/admin/logs.php, line 168

    King Bot has encountered an error. this may help:
    Error # 8
    Message: Undefined index: convo_id
    File: /home/devncom/public_html/clientes/net/ia/admin/logs.php, line 168

    King Bot has encountered an error. this may help:
    Error # 8
    Message: Undefined index: convo_id
    File: /home/devncom/public_html/clientes/net/ia/admin/logs.php, line 168

    King Bot has encountered an error. this may help:
    Error # 8
    Message: Undefined index: convo_id
    File: /home/devncom/public_html/clientes/net/ia/admin/logs.php, line 168

    King Bot has encountered an error. this may help:
    Error # 8
    Message: Undefined index: convo_id
    File: /home/devncom/public_html/clientes/net/ia/admin/logs.php, line 168

    King Bot has encountered an error. this may help:
    Error # 8
    Message: Undefined index: convo_id
    File: /home/devncom/public_html/clientes/net/ia/admin/logs.php, line 168

    King Bot has encountered an error. this may help:
    Error # 8
    Message: Undefined index: convo_id
    File: /home/devncom/public_html/clientes/net/ia/admin/logs.php, line 168

    King Bot has encountered an error. this may help:
    Error # 8
    Message: Undefined index: convo_id
    File: /home/devncom/public_html/clientes/net/ia/admin/logs.php, line 168

    King Bot has encountered an error. this may help:
    Error # 8
    Message: Undefined index: convo_id
    File: /home/devncom/public_html/clientes/net/ia/admin/logs.php, line 168

    King Bot has encountered an error. this may help:
    Error # 8
    Message: Undefined index: convo_id
    File: /home/devncom/public_html/clientes/net/ia/admin/logs.php, line 168

    King Bot has encountered an error. this may help:
    Error # 8
    Message: Undefined index: convo_id
    File: /home/devncom/public_html/clientes/net/ia/admin/logs.php, line 168

    King Bot has encountered an error. this may help:
    Error # 8
    Message: Undefined index: convo_id
    File: /home/devncom/public_html/clientes/net/ia/admin/logs.php, line 168

    King Bot has encountered an error. this may help:
    Error # 8
    Message: Undefined index: convo_id
    File: /home/devncom/public_html/clientes/net/ia/admin/logs.php, line 168

    King Bot has encountered an error. this may help:
    Error # 8
    Message: Undefined index: convo_id
    File: /home/devncom/public_html/clientes/net/ia/admin/logs.php, line 168

    King Bot has encountered an error. this may help:
    Error # 8
    Message: Undefined index: convo_id
    File: /home/devncom/public_html/clientes/net/ia/admin/logs.php, line 168

    King Bot has encountered an error. this may help:
    Error # 8
    Message: Undefined index: convo_id
    File: /home/devncom/public_html/clientes/net/ia/admin/logs.php, line 168

    King Bot has encountered an error. this may help:
    Error # 8
    Message: Undefined index: convo_id
    File: /home/devncom/public_html/clientes/net/ia/admin/logs.php, line 168

    King Bot has encountered an error. this may help:
    Error # 8
    Message: Undefined index: convo_id
    File: /home/devncom/public_html/clientes/net/ia/admin/logs.php, line 168

    King Bot has encountered an error. this may help:
    Error # 8
    Message: Undefined index: convo_id
    File: /home/devncom/public_html/clientes/net/ia/admin/logs.php, line 168

    King Bot has encountered an error. this may help:
    Error # 8
    Message: Undefined index: convo_id
    File: /home/devncom/public_html/clientes/net/ia/admin/logs.php, line 168

    King Bot has encountered an error. this may help:
    Error # 8
    Message: Undefined index: convo_id
    File: /home/devncom/public_html/clientes/net/ia/admin/logs.php, line 168

    King Bot has encountered an error. this may help:
    Error # 8
    Message: Undefined index: convo_id
    File: /home/devncom/public_html/clientes/net/ia/admin/logs.php, line 168

    King Bot has encountered an error. this may help:
    Error # 8
    Message: Undefined variable: convo_id
    File: /home/devncom/public_html/clientes/net/ia/admin/logs.php, line 274

    King Bot has encountered an error. this may help:
    Error # 8
    Message: Undefined variable: convo_id
    File: /home/devncom/public_html/clientes/net/ia/admin/logs.php, line 275

    King Bot has encountered an error. this may help:
    Error # 8
    Message: Undefined variable: convo_id
    File: /home/devncom/public_html/clientes/net/ia/admin/logs.php, line 275

    King Bot has encountered an error. this may help:
    Error # 8
    Message: Undefined variable: convo_id
    File: /home/devncom/public_html/clientes/net/ia/admin/logs.php, line 290

    King Bot has encountered an error. this may help:
    Error # 2
    Message: Invalid argument supplied for foreach()
    File: /home/devncom/public_html/clientes/net/ia/admin/logs.php, line 307

    King Bot has encountered an error. this may help:
    Error # 8
    Message: Undefined variable: convo_id
    File: /home/devncom/public_html/clientes/net/ia/admin/logs.php, line 290

    King Bot has encountered an error. this may help:
    Error # 2
    Message: Invalid argument supplied for foreach()
    File: /home/devncom/public_html/clientes/net/ia/admin/logs.php, line 307

    King Bot has encountered an error. this may help:
    Error # 8
    Message: Undefined variable: convo_id
    File: /home/devncom/public_html/clientes/net/ia/admin/logs.php, line 153

    King Bot has encountered an error. this may help:
    Error # 8
    Message: Undefined index: convo_id
    File: /home/devncom/public_html/clientes/net/ia/admin/logs.php, line 180

    King Bot has encountered an error. this may help:
    Error # 8
    Message: Undefined index: convo_id
    File: /home/devncom/public_html/clientes/net/ia/admin/logs.php, line 180

    King Bot has encountered an error. this may help:
    Error # 8
    Message: Undefined index: convo_id
    File: /home/devncom/public_html/clientes/net/ia/admin/logs.php, line 180

    King Bot has encountered an error. this may help:
    Error # 8
    Message: Undefined index: convo_id
    File: /home/devncom/public_html/clientes/net/ia/admin/logs.php, line 180

    King Bot has encountered an error. this may help:
    Error # 8
    Message: Undefined index: convo_id
    File: /home/devncom/public_html/clientes/net/ia/admin/logs.php, line 180

    King Bot has encountered an error. this may help:
    Error # 8
    Message: Undefined index: convo_id
    File: /home/devncom/public_html/clientes/net/ia/admin/logs.php, line 180

    King Bot has encountered an error. this may help:
    Error # 8
    Message: Undefined index: convo_id
    File: /home/devncom/public_html/clientes/net/ia/admin/logs.php, line 180

    King Bot has encountered an error. this may help:
    Error # 8
    Message: Undefined index: convo_id
    File: /home/devncom/public_html/clientes/net/ia/admin/logs.php, line 180

    King Bot has encountered an error. this may help:
    Error # 8
    Message: Undefined index: convo_id
    File: /home/devncom/public_html/clientes/net/ia/admin/logs.php, line 180

    King Bot has encountered an error. this may help:
    Error # 8
    Message: Undefined index: convo_id
    File: /home/devncom/public_html/clientes/net/ia/admin/logs.php, line 180

    King Bot has encountered an error. this may help:
    Error # 8
    Message: Undefined index: convo_id
    File: /home/devncom/public_html/clientes/net/ia/admin/logs.php, line 180

    King Bot has encountered an error. this may help:
    Error # 8
    Message: Undefined index: convo_id
    File: /home/devncom/public_html/clientes/net/ia/admin/logs.php, line 180

    King Bot has encountered an error. this may help:
    Error # 8
    Message: Undefined index: convo_id
    File: /home/devncom/public_html/clientes/net/ia/admin/logs.php, line 180

    King Bot has encountered an error. this may help:
    Error # 8
    Message: Undefined index: convo_id
    File: /home/devncom/public_html/clientes/net/ia/admin/logs.php, line 180

    King Bot has encountered an error. this may help:
    Error # 8
    Message: Undefined index: convo_id
    File: /home/devncom/public_html/clientes/net/ia/admin/logs.php, line 180

    King Bot has encountered an error. this may help:
    Error # 8
    Message: Undefined index: convo_id
    File: /home/devncom/public_html/clientes/net/ia/admin/logs.php, line 180

    King Bot has encountered an error. this may help:
    Error # 8
    Message: Undefined index: convo_id
    File: /home/devncom/public_html/clientes/net/ia/admin/logs.php, line 180

    King Bot has encountered an error. this may help:
    Error # 8
    Message: Undefined index: convo_id
    File: /home/devncom/public_html/clientes/net/ia/admin/logs.php, line 180

